<?xml version="1.0" encoding="UTF-8"?>
<!-- Generated by org.testng.reporters.JUnitReportReporter -->
<testsuite skipped="0" hostname="DESKTOP-9QSD73T" name="com.testcases.Projectlogin" tests="2" failures="0" timestamp="16 Feb 2019 19:31:47 GMT" time="9.450" errors="0">
  <testcase name="pageLogin" time="3.856" classname="com.testcases.Projectlogin"/>
  <testcase name="Applyleave" time="5.594" classname="com.testcases.Projectlogin"/>
</testsuite> <!-- com.testcases.Projectlogin -->
